[35m21-07-14T16:12:48.462[0;39m [34mINFO [0;39m [32m      main[0;39m [33m[-][0;39m [36mc.r.e.c.EventConsumerApplication[0;39m - Starting EventConsumerApplication using Java 11.0.10 on ITSMs-MBP with PID 48052 (/Users/samithajayawardana/kube_test/test_env/spring-boot-docer/event-consumer/target/classes started by samithajayawardana in /Users/samithajayawardana/kube_test/test_env/spring-boot-docer/event-consumer)
[35m21-07-14T16:12:48.469[0;39m [39mDEBUG[0;39m [32m      main[0;39m [33m[-][0;39m [36mc.r.e.c.EventConsumerApplication[0;39m - Running with Spring Boot v2.5.2, Spring v5.3.8
[35m21-07-14T16:12:48.469[0;39m [34mINFO [0;39m [32m      main[0;39m [33m[-][0;39m [36mc.r.e.c.EventConsumerApplication[0;39m - No active profile set, falling back to default profiles: default
[35m21-07-14T16:12:51.254[0;39m [31mWARN [0;39m [32m      main[0;39m [33m[-][0;39m [36mo.s.c.s.a.z.ZipkinAutoConfiguration[0;39m - Check result of the [RestTemplateSender{http://localhost:9411/zipkin/api/v2/spans}] contains an error [CheckResult{ok=false, error=org.springframework.web.client.ResourceAccessException: I/O error on POST request for "http://localhost:9411/zipkin/api/v2/spans": Connection refused (Connection refused); nested exception is java.net.ConnectException: Connection refused (Connection refused)}]
[35m21-07-14T16:12:53.247[0;39m [31mWARN [0;39m [32m      main[0;39m [33m[-][0;39m [36mo.s.b.w.s.c.AnnotationConfigServletWebServerApplicationContext[0;39m - Exception encountered during context initialization - cancelling refresh attempt: org.springframework.context.ApplicationContextException: Failed to start bean 'webServerStartStop'; nested exception is org.springframework.boot.web.server.PortInUseException: Port 8080 is already in use
[35m21-07-14T16:12:54.268[0;39m [31mWARN [0;39m [32m      main[0;39m [33m[-][0;39m [36mz.r.AsyncReporter$BoundedAsyncReporter[0;39m - Timed out waiting for in-flight spans to send
[35m21-07-14T16:12:54.317[0;39m [1;31mERROR[0;39m [32m      main[0;39m [33m[-][0;39m [36mo.s.b.d.LoggingFailureAnalysisReporter[0;39m - 

***************************
APPLICATION FAILED TO START
***************************

Description:

Web server failed to start. Port 8080 was already in use.

Action:

Identify and stop the process that's listening on port 8080 or configure this application to listen on another port.

[35m21-07-14T16:13:11.863[0;39m [34mINFO [0;39m [32m      main[0;39m [33m[-][0;39m [36mc.r.e.c.EventConsumerApplication[0;39m - Starting EventConsumerApplication using Java 11.0.10 on ITSMs-MBP with PID 48108 (/Users/samithajayawardana/kube_test/test_env/spring-boot-docer/event-consumer/target/classes started by samithajayawardana in /Users/samithajayawardana/kube_test/test_env/spring-boot-docer/event-consumer)
[35m21-07-14T16:13:11.866[0;39m [39mDEBUG[0;39m [32m      main[0;39m [33m[-][0;39m [36mc.r.e.c.EventConsumerApplication[0;39m - Running with Spring Boot v2.5.2, Spring v5.3.8
[35m21-07-14T16:13:11.866[0;39m [34mINFO [0;39m [32m      main[0;39m [33m[-][0;39m [36mc.r.e.c.EventConsumerApplication[0;39m - No active profile set, falling back to default profiles: default
[35m21-07-14T16:13:14.514[0;39m [31mWARN [0;39m [32m      main[0;39m [33m[-][0;39m [36mo.s.c.s.a.z.ZipkinAutoConfiguration[0;39m - Check result of the [RestTemplateSender{http://localhost:9411/zipkin/api/v2/spans}] contains an error [CheckResult{ok=false, error=org.springframework.web.client.ResourceAccessException: I/O error on POST request for "http://localhost:9411/zipkin/api/v2/spans": Connection refused (Connection refused); nested exception is java.net.ConnectException: Connection refused (Connection refused)}]
[35m21-07-14T16:13:16.684[0;39m [34mINFO [0;39m [32m      main[0;39m [33m[-][0;39m [36mc.r.e.c.EventConsumerApplication[0;39m - Started EventConsumerApplication in 5.43 seconds (JVM running for 5.928)
[35m21-07-14T16:14:34.171[0;39m [39mDEBUG[0;39m [32m080-exec-1[0;39m [33m[-][0;39m [36mc.r.e.c.w.ConsumerController[0;39m - saving payload : ConsumerRequest(batchId=0310abf6-d1f5-a1b3-8fb0-36fe934b1f28, records=[ConsumerRequest.RecordData(transId=0000abf8-d1f5-4536-8fb0-36fe934b1f28, transTms=20151022102011927EDT, rcNum=10002, clientId=RPS-00001, event=[ConsumerRequest.EventData(eventCnt=1, locationCd=DESTINATION, locationId1=T8C, locationId2=1J7, addrNbr=0000000001), ConsumerRequest.EventData(eventCnt=1, locationCd=CUSTOMER NUMBER, locationId1=0007316971, locationId2=null, addrNbr=null), ConsumerRequest.EventData(eventCnt=1, locationCd=OUTLET ID, locationId1=I029, locationId2=null, addrNbr=null)]), ConsumerRequest.RecordData(transId=0000abf8-d1f5-4536-8fb0-36fe934b1f28, transTms=20151022102011927EDT, rcNum=10002, clientId=RPS-00001, event=[ConsumerRequest.EventData(eventCnt=1, locationCd=DESTINATION, locationId1=T8C, locationId2=1J7, addrNbr=0000000001), ConsumerRequest.EventData(eventCnt=1, locationCd=CUSTOMER NUMBER, locationId1=0007316971, locationId2=null, addrNbr=null), ConsumerRequest.EventData(eventCnt=1, locationCd=OUTLET ID, locationId1=I029, locationId2=null, addrNbr=null)]), ConsumerRequest.RecordData(transId=0000abf8-d1f5-4536-8fb0-36fe934b1f28, transTms=20151022102011927EDT, rcNum=10002, clientId=RPS-00001, event=[ConsumerRequest.EventData(eventCnt=1, locationCd=DESTINATION, locationId1=T8C, locationId2=1J7, addrNbr=0000000001), ConsumerRequest.EventData(eventCnt=1, locationCd=CUSTOMER NUMBER, locationId1=0007316971, locationId2=null, addrNbr=null), ConsumerRequest.EventData(eventCnt=1, locationCd=OUTLET ID, locationId1=I029, locationId2=null, addrNbr=null)])])
[35m21-07-14T16:14:34.178[0;39m [39mDEBUG[0;39m [32m080-exec-1[0;39m [33m[-][0;39m [36mc.r.e.c.w.ConsumerController[0;39m - About to post 3 events.
[35m21-07-14T16:14:35.442[0;39m [39mDEBUG[0;39m [32m080-exec-1[0;39m [33m[-][0;39m [36mc.r.e.c.w.ConsumerController[0;39m - response:[{"eventId":"b7243118-c1b2-45a7-9f13-0d971c40ded6","transId":"0000abf8-d1f5-4536-8fb0-36fe934b1f28","transTms":"20151022102011927EDT","rcNum":"10002","clientId":"RPS-00001","eventCnt":1,"locationCd":"DESTINATION","locationId1":"T8C","locationId2":"1J7","addrNbr":"0000000001"}, {"eventId":"2b9d6d91-b503-43d3-bbad-bb38f3553414","transId":"0000abf8-d1f5-4536-8fb0-36fe934b1f28","transTms":"20151022102011927EDT","rcNum":"10002","clientId":"RPS-00001","eventCnt":1,"locationCd":"DESTINATION","locationId1":"T8C","locationId2":"1J7","addrNbr":"0000000001"}, {"eventId":"e00e12cf-dfe1-4be2-9d9e-82357d40a0ae","transId":"0000abf8-d1f5-4536-8fb0-36fe934b1f28","transTms":"20151022102011927EDT","rcNum":"10002","clientId":"RPS-00001","eventCnt":1,"locationCd":"DESTINATION","locationId1":"T8C","locationId2":"1J7","addrNbr":"0000000001"}]
[35m21-07-14T16:14:36.399[0;39m [31mWARN [0;39m [32mv2/spans}}[0;39m [33m[-][0;39m [36mz.r.AsyncReporter$BoundedAsyncReporter[0;39m - Spans were dropped due to exceptions. All subsequent errors will be logged at FINE level.
[35m21-07-14T16:14:36.401[0;39m [31mWARN [0;39m [32mv2/spans}}[0;39m [33m[-][0;39m [36mz.r.AsyncReporter$BoundedAsyncReporter[0;39m - Dropped 4 spans due to ResourceAccessException(I/O error on POST request for "http://localhost:9411/zipkin/api/v2/spans": Connection refused (Connection refused); nested exception is java.net.ConnectException: Connection refused (Connection refused))
org.springframework.web.client.ResourceAccessException: I/O error on POST request for "http://localhost:9411/zipkin/api/v2/spans": Connection refused (Connection refused); nested exception is java.net.ConnectException: Connection refused (Connection refused)
	at org.springframework.web.client.RestTemplate.doExecute(RestTemplate.java:785)
	at org.springframework.cloud.sleuth.zipkin2.ZipkinRestTemplateWrapper.doExecute(ZipkinRestTemplateWrapper.java:69)
	at org.springframework.web.client.RestTemplate.exchange(RestTemplate.java:660)
	at org.springframework.cloud.sleuth.zipkin2.RestTemplateSender.post(RestTemplateSender.java:151)
	at org.springframework.cloud.sleuth.zipkin2.RestTemplateSender$HttpPostCall.doExecute(RestTemplateSender.java:169)
	at org.springframework.cloud.sleuth.zipkin2.RestTemplateSender$HttpPostCall.doExecute(RestTemplateSender.java:159)
	at zipkin2.Call$Base.execute(Call.java:391)
	at zipkin2.reporter.AsyncReporter$BoundedAsyncReporter.flush(AsyncReporter.java:299)
	at zipkin2.reporter.AsyncReporter$Flusher.run(AsyncReporter.java:378)
	at java.base/java.lang.Thread.run(Thread.java:834)
Caused by: java.net.ConnectException: Connection refused (Connection refused)
	at java.base/java.net.PlainSocketImpl.socketConnect(Native Method)
	at java.base/java.net.AbstractPlainSocketImpl.doConnect(AbstractPlainSocketImpl.java:399)
	at java.base/java.net.AbstractPlainSocketImpl.connectToAddress(AbstractPlainSocketImpl.java:242)
	at java.base/java.net.AbstractPlainSocketImpl.connect(AbstractPlainSocketImpl.java:224)
	at java.base/java.net.Socket.connect(Socket.java:608)
	at java.base/sun.net.NetworkClient.doConnect(NetworkClient.java:177)
	at java.base/sun.net.www.http.HttpClient.openServer(HttpClient.java:474)
	at java.base/sun.net.www.http.HttpClient.openServer(HttpClient.java:569)
	at java.base/sun.net.www.http.HttpClient.<init>(HttpClient.java:242)
	at java.base/sun.net.www.http.HttpClient.New(HttpClient.java:341)
	at java.base/sun.net.www.http.HttpClient.New(HttpClient.java:362)
	at java.base/sun.net.www.protocol.http.HttpURLConnection.getNewHttpClient(HttpURLConnection.java:1253)
	at java.base/sun.net.www.protocol.http.HttpURLConnection.plainConnect0(HttpURLConnection.java:1187)
	at java.base/sun.net.www.protocol.http.HttpURLConnection.plainConnect(HttpURLConnection.java:1081)
	at java.base/sun.net.www.protocol.http.HttpURLConnection.connect(HttpURLConnection.java:1015)
	at org.springframework.http.client.SimpleBufferingClientHttpRequest.executeInternal(SimpleBufferingClientHttpRequest.java:76)
	at org.springframework.http.client.AbstractBufferingClientHttpRequest.executeInternal(AbstractBufferingClientHttpRequest.java:48)
	at org.springframework.http.client.AbstractClientHttpRequest.execute(AbstractClientHttpRequest.java:66)
	at org.springframework.web.client.RestTemplate.doExecute(RestTemplate.java:776)
	... 9 common frames omitted
[35m21-07-14T16:15:36.949[0;39m [39mDEBUG[0;39m [32m080-exec-3[0;39m [33m[-][0;39m [36mc.r.e.c.w.ConsumerController[0;39m - saving payload : ConsumerRequest(batchId=3fa85f64-5717-4562-b3fc-2c963f66afa6, records=[ConsumerRequest.RecordData(transId=3fa85f64-5717-4562-b3fc-2c963f66afa6, transTms=string, rcNum=string, clientId=string, event=[ConsumerRequest.EventData(eventCnt=0, locationCd=string, locationId1=string, locationId2=string, addrNbr=string)])])
[35m21-07-14T16:15:36.950[0;39m [39mDEBUG[0;39m [32m080-exec-3[0;39m [33m[-][0;39m [36mc.r.e.c.w.ConsumerController[0;39m - About to post 1 events.
[35m21-07-14T16:15:36.978[0;39m [39mDEBUG[0;39m [32m080-exec-3[0;39m [33m[-][0;39m [36mc.r.e.c.w.ConsumerController[0;39m - response:[{"eventId":"570b23b7-08a6-40fd-a4fe-af914985ff93","transId":"3fa85f64-5717-4562-b3fc-2c963f66afa6","transTms":"string","rcNum":"string","clientId":"string","eventCnt":0,"locationCd":"string","locationId1":"string","locationId2":"string","addrNbr":"string"}]
[35m21-07-14T16:32:47.897[0;39m [39mDEBUG[0;39m [32m080-exec-7[0;39m [33m[-][0;39m [36mc.r.e.c.w.ConsumerController[0;39m - saving payload : ConsumerRequest(batchId=0310abf6-d1f5-a1b3-8fb0-36fe934b1f28, records=[ConsumerRequest.RecordData(transId=0000abf8-d1f5-4536-8fb0-36fe934b1f28, transTms=20151022102011927EDT, rcNum=10002, clientId=RPS-00001, event=[ConsumerRequest.EventData(eventCnt=1, locationCd=DESTINATION, locationId1=T8C, locationId2=1J7, addrNbr=0000000001), ConsumerRequest.EventData(eventCnt=1, locationCd=CUSTOMER NUMBER, locationId1=0007316971, locationId2=null, addrNbr=null), ConsumerRequest.EventData(eventCnt=1, locationCd=OUTLET ID, locationId1=I029, locationId2=null, addrNbr=null)]), ConsumerRequest.RecordData(transId=0000abf8-d1f5-4536-8fb0-36fe934b1f28, transTms=20151022102011927EDT, rcNum=10002, clientId=RPS-00001, event=[ConsumerRequest.EventData(eventCnt=1, locationCd=DESTINATION, locationId1=T8C, locationId2=1J7, addrNbr=0000000001), ConsumerRequest.EventData(eventCnt=1, locationCd=CUSTOMER NUMBER, locationId1=0007316971, locationId2=null, addrNbr=null), ConsumerRequest.EventData(eventCnt=1, locationCd=OUTLET ID, locationId1=I029, locationId2=null, addrNbr=null)]), ConsumerRequest.RecordData(transId=0000abf8-d1f5-4536-8fb0-36fe934b1f28, transTms=20151022102011927EDT, rcNum=10002, clientId=RPS-00001, event=[ConsumerRequest.EventData(eventCnt=1, locationCd=DESTINATION, locationId1=T8C, locationId2=1J7, addrNbr=0000000001), ConsumerRequest.EventData(eventCnt=1, locationCd=CUSTOMER NUMBER, locationId1=0007316971, locationId2=null, addrNbr=null), ConsumerRequest.EventData(eventCnt=1, locationCd=OUTLET ID, locationId1=I029, locationId2=null, addrNbr=null)])])
[35m21-07-14T16:32:47.897[0;39m [39mDEBUG[0;39m [32m080-exec-7[0;39m [33m[-][0;39m [36mc.r.e.c.w.ConsumerController[0;39m - About to post 3 events.
[35m21-07-14T16:32:47.985[0;39m [39mDEBUG[0;39m [32m080-exec-7[0;39m [33m[-][0;39m [36mc.r.e.c.w.ConsumerController[0;39m - response:[{"eventId":"57ab1f6d-3666-4da8-8c05-344ac2f8d8f5","transId":"0000abf8-d1f5-4536-8fb0-36fe934b1f28","transTms":"20151022102011927EDT","rcNum":"10002","clientId":"RPS-00001","eventCnt":1,"locationCd":"DESTINATION","locationId1":"T8C","locationId2":"1J7","addrNbr":"0000000001"}, {"eventId":"7d73b8ee-4243-49e9-8cf8-dd5b3e14b49b","transId":"0000abf8-d1f5-4536-8fb0-36fe934b1f28","transTms":"20151022102011927EDT","rcNum":"10002","clientId":"RPS-00001","eventCnt":1,"locationCd":"DESTINATION","locationId1":"T8C","locationId2":"1J7","addrNbr":"0000000001"}, {"eventId":"d1a18019-055c-46c2-b2c0-2c512d9f798a","transId":"0000abf8-d1f5-4536-8fb0-36fe934b1f28","transTms":"20151022102011927EDT","rcNum":"10002","clientId":"RPS-00001","eventCnt":1,"locationCd":"DESTINATION","locationId1":"T8C","locationId2":"1J7","addrNbr":"0000000001"}]
[35m21-07-14T16:33:48.655[0;39m [39mDEBUG[0;39m [32m080-exec-2[0;39m [33m[-][0;39m [36mc.r.e.c.w.ConsumerController[0;39m - saving payload : ConsumerRequest(batchId=0310abf6-d1f5-a1b3-8fb0-36fe934b1f28, records=[ConsumerRequest.RecordData(transId=0000abf8-d1f5-4536-8fb0-36fe934b1f28, transTms=20151022102011927EDT, rcNum=10002, clientId=RPS-00001, event=[ConsumerRequest.EventData(eventCnt=1, locationCd=DESTINATION, locationId1=T8C, locationId2=1J7, addrNbr=0000000001), ConsumerRequest.EventData(eventCnt=1, locationCd=CUSTOMER NUMBER, locationId1=0007316971, locationId2=null, addrNbr=null), ConsumerRequest.EventData(eventCnt=1, locationCd=OUTLET ID, locationId1=I029, locationId2=null, addrNbr=null)]), ConsumerRequest.RecordData(transId=0000abf8-d1f5-4536-8fb0-36fe934b1f28, transTms=20151022102011927EDT, rcNum=10002, clientId=RPS-00001, event=[ConsumerRequest.EventData(eventCnt=1, locationCd=DESTINATION, locationId1=T8C, locationId2=1J7, addrNbr=0000000001), ConsumerRequest.EventData(eventCnt=1, locationCd=CUSTOMER NUMBER, locationId1=0007316971, locationId2=null, addrNbr=null), ConsumerRequest.EventData(eventCnt=1, locationCd=OUTLET ID, locationId1=I029, locationId2=null, addrNbr=null)]), ConsumerRequest.RecordData(transId=0000abf8-d1f5-4536-8fb0-36fe934b1f28, transTms=20151022102011927EDT, rcNum=10002, clientId=RPS-00001, event=[ConsumerRequest.EventData(eventCnt=1, locationCd=DESTINATION, locationId1=T8C, locationId2=1J7, addrNbr=0000000001), ConsumerRequest.EventData(eventCnt=1, locationCd=CUSTOMER NUMBER, locationId1=0007316971, locationId2=null, addrNbr=null), ConsumerRequest.EventData(eventCnt=1, locationCd=OUTLET ID, locationId1=I029, locationId2=null, addrNbr=null)])])
[35m21-07-14T16:33:48.656[0;39m [39mDEBUG[0;39m [32m080-exec-2[0;39m [33m[-][0;39m [36mc.r.e.c.w.ConsumerController[0;39m - About to post 3 events.
[35m21-07-14T16:33:48.699[0;39m [39mDEBUG[0;39m [32m080-exec-2[0;39m [33m[-][0;39m [36mc.r.e.c.w.ConsumerController[0;39m - response:[{"eventId":"c43ce8db-e134-47f4-8930-8f3c96217d60","transId":"0000abf8-d1f5-4536-8fb0-36fe934b1f28","transTms":"20151022102011927EDT","rcNum":"10002","clientId":"RPS-00001","eventCnt":1,"locationCd":"DESTINATION","locationId1":"T8C","locationId2":"1J7","addrNbr":"0000000001"}, {"eventId":"2d66e90d-b572-448f-b310-2fc77b2ec306","transId":"0000abf8-d1f5-4536-8fb0-36fe934b1f28","transTms":"20151022102011927EDT","rcNum":"10002","clientId":"RPS-00001","eventCnt":1,"locationCd":"DESTINATION","locationId1":"T8C","locationId2":"1J7","addrNbr":"0000000001"}, {"eventId":"a629da87-4102-4c7e-b2a1-04afa3562ecd","transId":"0000abf8-d1f5-4536-8fb0-36fe934b1f28","transTms":"20151022102011927EDT","rcNum":"10002","clientId":"RPS-00001","eventCnt":1,"locationCd":"DESTINATION","locationId1":"T8C","locationId2":"1J7","addrNbr":"0000000001"}]
[35m21-07-14T16:34:40.762[0;39m [34mINFO [0;39m [32m      main[0;39m [33m[-][0;39m [36mc.r.e.c.EventConsumerApplication[0;39m - Starting EventConsumerApplication using Java 11.0.10 on ITSMs-MBP with PID 49831 (/Users/samithajayawardana/kube_test/test_env/spring-boot-docer/event-consumer/target/classes started by samithajayawardana in /Users/samithajayawardana/kube_test/test_env/spring-boot-docer/event-consumer)
[35m21-07-14T16:34:40.764[0;39m [39mDEBUG[0;39m [32m      main[0;39m [33m[-][0;39m [36mc.r.e.c.EventConsumerApplication[0;39m - Running with Spring Boot v2.5.2, Spring v5.3.8
[35m21-07-14T16:34:40.764[0;39m [34mINFO [0;39m [32m      main[0;39m [33m[-][0;39m [36mc.r.e.c.EventConsumerApplication[0;39m - No active profile set, falling back to default profiles: default
[35m21-07-14T16:34:43.431[0;39m [31mWARN [0;39m [32m      main[0;39m [33m[-][0;39m [36mo.s.c.s.a.z.ZipkinAutoConfiguration[0;39m - Check result of the [RestTemplateSender{http://localhost:9411/zipkin/api/v2/spans}] contains an error [CheckResult{ok=false, error=org.springframework.web.client.HttpClientErrorException$NotFound: 404 Not Found: [404 Not Found]}]
[35m21-07-14T16:34:45.700[0;39m [34mINFO [0;39m [32m      main[0;39m [33m[-][0;39m [36mc.r.e.c.EventConsumerApplication[0;39m - Started EventConsumerApplication in 5.56 seconds (JVM running for 6.024)
[35m21-07-14T16:34:52.299[0;39m [39mDEBUG[0;39m [32m080-exec-1[0;39m [33m[-][0;39m [36mc.r.e.c.w.ConsumerController[0;39m - saving payload : ConsumerRequest(batchId=0310abf6-d1f5-a1b3-8fb0-36fe934b1f28, records=[ConsumerRequest.RecordData(transId=0000abf8-d1f5-4536-8fb0-36fe934b1f28, transTms=20151022102011927EDT, rcNum=10002, clientId=RPS-00001, event=[ConsumerRequest.EventData(eventCnt=1, locationCd=DESTINATION, locationId1=T8C, locationId2=1J7, addrNbr=0000000001), ConsumerRequest.EventData(eventCnt=1, locationCd=CUSTOMER NUMBER, locationId1=0007316971, locationId2=null, addrNbr=null), ConsumerRequest.EventData(eventCnt=1, locationCd=OUTLET ID, locationId1=I029, locationId2=null, addrNbr=null)]), ConsumerRequest.RecordData(transId=0000abf8-d1f5-4536-8fb0-36fe934b1f28, transTms=20151022102011927EDT, rcNum=10002, clientId=RPS-00001, event=[ConsumerRequest.EventData(eventCnt=1, locationCd=DESTINATION, locationId1=T8C, locationId2=1J7, addrNbr=0000000001), ConsumerRequest.EventData(eventCnt=1, locationCd=CUSTOMER NUMBER, locationId1=0007316971, locationId2=null, addrNbr=null), ConsumerRequest.EventData(eventCnt=1, locationCd=OUTLET ID, locationId1=I029, locationId2=null, addrNbr=null)]), ConsumerRequest.RecordData(transId=0000abf8-d1f5-4536-8fb0-36fe934b1f28, transTms=20151022102011927EDT, rcNum=10002, clientId=RPS-00001, event=[ConsumerRequest.EventData(eventCnt=1, locationCd=DESTINATION, locationId1=T8C, locationId2=1J7, addrNbr=0000000001), ConsumerRequest.EventData(eventCnt=1, locationCd=CUSTOMER NUMBER, locationId1=0007316971, locationId2=null, addrNbr=null), ConsumerRequest.EventData(eventCnt=1, locationCd=OUTLET ID, locationId1=I029, locationId2=null, addrNbr=null)])])
[35m21-07-14T16:34:52.303[0;39m [39mDEBUG[0;39m [32m080-exec-1[0;39m [33m[-][0;39m [36mc.r.e.c.w.ConsumerController[0;39m - About to post 3 events.
[35m21-07-14T16:34:52.889[0;39m [39mDEBUG[0;39m [32m080-exec-1[0;39m [33m[-][0;39m [36mc.r.e.c.w.ConsumerController[0;39m - response:[{"eventId":"a0db5f86-2b80-43fd-99a8-3f8a6e8b8f50","transId":"0000abf8-d1f5-4536-8fb0-36fe934b1f28","transTms":"20151022102011927EDT","rcNum":"10002","clientId":"RPS-00001","eventCnt":1,"locationCd":"DESTINATION","locationId1":"T8C","locationId2":"1J7","addrNbr":"0000000001"}, {"eventId":"3db58865-073a-4108-bb10-2367e4f41e23","transId":"0000abf8-d1f5-4536-8fb0-36fe934b1f28","transTms":"20151022102011927EDT","rcNum":"10002","clientId":"RPS-00001","eventCnt":1,"locationCd":"DESTINATION","locationId1":"T8C","locationId2":"1J7","addrNbr":"0000000001"}, {"eventId":"fe222359-5950-4bc6-bbd6-abe2ae2619d3","transId":"0000abf8-d1f5-4536-8fb0-36fe934b1f28","transTms":"20151022102011927EDT","rcNum":"10002","clientId":"RPS-00001","eventCnt":1,"locationCd":"DESTINATION","locationId1":"T8C","locationId2":"1J7","addrNbr":"0000000001"}]
[35m21-07-14T16:34:53.861[0;39m [31mWARN [0;39m [32mv2/spans}}[0;39m [33m[-][0;39m [36mz.r.AsyncReporter$BoundedAsyncReporter[0;39m - Spans were dropped due to exceptions. All subsequent errors will be logged at FINE level.
[35m21-07-14T16:34:53.863[0;39m [31mWARN [0;39m [32mv2/spans}}[0;39m [33m[-][0;39m [36mz.r.AsyncReporter$BoundedAsyncReporter[0;39m - Dropped 4 spans due to NotFound(404 Not Found: [404 Not Found])
org.springframework.web.client.HttpClientErrorException$NotFound: 404 Not Found: [404 Not Found]
	at org.springframework.web.client.HttpClientErrorException.create(HttpClientErrorException.java:113)
	at org.springframework.web.client.DefaultResponseErrorHandler.handleError(DefaultResponseErrorHandler.java:186)
	at org.springframework.web.client.DefaultResponseErrorHandler.handleError(DefaultResponseErrorHandler.java:125)
	at org.springframework.web.client.ResponseErrorHandler.handleError(ResponseErrorHandler.java:63)
	at org.springframework.web.client.RestTemplate.handleResponse(RestTemplate.java:819)
	at org.springframework.web.client.RestTemplate.doExecute(RestTemplate.java:777)
	at org.springframework.cloud.sleuth.zipkin2.ZipkinRestTemplateWrapper.doExecute(ZipkinRestTemplateWrapper.java:69)
	at org.springframework.web.client.RestTemplate.exchange(RestTemplate.java:660)
	at org.springframework.cloud.sleuth.zipkin2.RestTemplateSender.post(RestTemplateSender.java:151)
	at org.springframework.cloud.sleuth.zipkin2.RestTemplateSender$HttpPostCall.doExecute(RestTemplateSender.java:169)
	at org.springframework.cloud.sleuth.zipkin2.RestTemplateSender$HttpPostCall.doExecute(RestTemplateSender.java:159)
	at zipkin2.Call$Base.execute(Call.java:391)
	at zipkin2.reporter.AsyncReporter$BoundedAsyncReporter.flush(AsyncReporter.java:299)
	at zipkin2.reporter.AsyncReporter$Flusher.run(AsyncReporter.java:378)
	at java.base/java.lang.Thread.run(Thread.java:834)
[35m21-07-14T16:52:33.037[0;39m [34mINFO [0;39m [32m      main[0;39m [33m[-][0;39m [36mc.r.e.c.EventConsumerApplicationTests[0;39m - Starting EventConsumerApplicationTests using Java 11.0.10 on ITSMs-MBP with PID 51383 (started by samithajayawardana in /Users/samithajayawardana/kube_test/test_env/spring-boot-docer/event-consumer)
[35m21-07-14T16:52:33.038[0;39m [39mDEBUG[0;39m [32m      main[0;39m [33m[-][0;39m [36mc.r.e.c.EventConsumerApplicationTests[0;39m - Running with Spring Boot v2.5.2, Spring v5.3.8
[35m21-07-14T16:52:33.038[0;39m [34mINFO [0;39m [32m      main[0;39m [33m[-][0;39m [36mc.r.e.c.EventConsumerApplicationTests[0;39m - No active profile set, falling back to default profiles: default
[35m21-07-14T16:52:37.178[0;39m [31mWARN [0;39m [32m      main[0;39m [33m[-][0;39m [36mo.s.c.s.a.z.ZipkinAutoConfiguration[0;39m - Check result of the [RestTemplateSender{http://localhost:9411/zipkin/api/v2/spans}] contains an error [CheckResult{ok=false, error=org.springframework.web.client.HttpClientErrorException$NotFound: 404 Not Found: [404 Not Found]}]
[35m21-07-14T16:52:37.831[0;39m [34mINFO [0;39m [32m      main[0;39m [33m[-][0;39m [36mc.r.e.c.EventConsumerApplicationTests[0;39m - Started EventConsumerApplicationTests in 5.247 seconds (JVM running for 6.34)
[35m21-07-14T16:56:34.712[0;39m [34mINFO [0;39m [32m      main[0;39m [33m[-][0;39m [36mc.r.e.c.EventConsumerApplication[0;39m - Starting EventConsumerApplication using Java 11.0.10 on ITSMs-MBP with PID 51682 (/Users/samithajayawardana/kube_test/test_env/spring-boot-docer/event-consumer/target/classes started by samithajayawardana in /Users/samithajayawardana/kube_test/test_env/spring-boot-docer/event-consumer)
[35m21-07-14T16:56:34.714[0;39m [39mDEBUG[0;39m [32m      main[0;39m [33m[-][0;39m [36mc.r.e.c.EventConsumerApplication[0;39m - Running with Spring Boot v2.5.2, Spring v5.3.8
[35m21-07-14T16:56:34.714[0;39m [34mINFO [0;39m [32m      main[0;39m [33m[-][0;39m [36mc.r.e.c.EventConsumerApplication[0;39m - No active profile set, falling back to default profiles: default
[35m21-07-14T16:56:37.219[0;39m [31mWARN [0;39m [32m      main[0;39m [33m[-][0;39m [36mo.s.c.s.a.z.ZipkinAutoConfiguration[0;39m - Check result of the [RestTemplateSender{http://localhost:9411/zipkin/api/v2/spans}] contains an error [CheckResult{ok=false, error=org.springframework.web.client.HttpClientErrorException$NotFound: 404 Not Found: [404 Not Found]}]
[35m21-07-14T16:56:39.153[0;39m [34mINFO [0;39m [32m      main[0;39m [33m[-][0;39m [36mc.r.e.c.EventConsumerApplication[0;39m - Started EventConsumerApplication in 5.108 seconds (JVM running for 5.685)
[35m21-07-14T16:57:22.210[0;39m [39mDEBUG[0;39m [32m080-exec-2[0;39m [33m[-][0;39m [36mc.r.e.c.w.ConsumerController[0;39m - event payload : ConsumerRequest(batchId=0310abf6-d1f5-a1b3-8fb0-36fe934b1f28, records=[ConsumerRequest.RecordData(transId=0000abf8-d1f5-4536-8fb0-36fe934b1f28, transTms=20151022102011927EDT, rcNum=10002, clientId=RPS-00001, event=[ConsumerRequest.EventData(eventCnt=1, locationCd=DESTINATION, locationId1=T8C, locationId2=1J7, addrNbr=0000000001), ConsumerRequest.EventData(eventCnt=1, locationCd=CUSTOMER NUMBER, locationId1=0007316971, locationId2=null, addrNbr=null), ConsumerRequest.EventData(eventCnt=1, locationCd=OUTLET ID, locationId1=I029, locationId2=null, addrNbr=null)]), ConsumerRequest.RecordData(transId=0000abf8-d1f5-4536-8fb0-36fe934b1f28, transTms=20151022102011927EDT, rcNum=10002, clientId=RPS-00001, event=[ConsumerRequest.EventData(eventCnt=1, locationCd=DESTINATION, locationId1=T8C, locationId2=1J7, addrNbr=0000000001), ConsumerRequest.EventData(eventCnt=1, locationCd=CUSTOMER NUMBER, locationId1=0007316971, locationId2=null, addrNbr=null), ConsumerRequest.EventData(eventCnt=1, locationCd=OUTLET ID, locationId1=I029, locationId2=null, addrNbr=null)]), ConsumerRequest.RecordData(transId=0000abf8-d1f5-4536-8fb0-36fe934b1f28, transTms=20151022102011927EDT, rcNum=10002, clientId=RPS-00001, event=[ConsumerRequest.EventData(eventCnt=1, locationCd=DESTINATION, locationId1=T8C, locationId2=1J7, addrNbr=0000000001), ConsumerRequest.EventData(eventCnt=1, locationCd=CUSTOMER NUMBER, locationId1=0007316971, locationId2=null, addrNbr=null), ConsumerRequest.EventData(eventCnt=1, locationCd=OUTLET ID, locationId1=I029, locationId2=null, addrNbr=null)])])
[35m21-07-14T16:57:22.214[0;39m [39mDEBUG[0;39m [32m080-exec-2[0;39m [33m[-][0;39m [36mc.r.e.c.w.ConsumerController[0;39m - About to post 3 events.
[35m21-07-14T16:57:23.451[0;39m [39mDEBUG[0;39m [32m080-exec-2[0;39m [33m[-][0;39m [36mc.r.e.c.w.ConsumerController[0;39m - response:[{"eventId":"a5d42d4b-00ac-4409-94c0-44d941b9f62e","transId":"0000abf8-d1f5-4536-8fb0-36fe934b1f28","transTms":"20151022102011927EDT","rcNum":"10002","clientId":"RPS-00001","eventCnt":1,"locationCd":"DESTINATION","locationId1":"T8C","locationId2":"1J7","addrNbr":"0000000001"}, {"eventId":"295e0ff6-b902-4308-9c71-20747e231281","transId":"0000abf8-d1f5-4536-8fb0-36fe934b1f28","transTms":"20151022102011927EDT","rcNum":"10002","clientId":"RPS-00001","eventCnt":1,"locationCd":"DESTINATION","locationId1":"T8C","locationId2":"1J7","addrNbr":"0000000001"}, {"eventId":"4868d223-d9c0-47ba-b6f4-d32afef476d9","transId":"0000abf8-d1f5-4536-8fb0-36fe934b1f28","transTms":"20151022102011927EDT","rcNum":"10002","clientId":"RPS-00001","eventCnt":1,"locationCd":"DESTINATION","locationId1":"T8C","locationId2":"1J7","addrNbr":"0000000001"}]
[35m21-07-14T16:57:24.416[0;39m [31mWARN [0;39m [32mv2/spans}}[0;39m [33m[-][0;39m [36mz.r.AsyncReporter$BoundedAsyncReporter[0;39m - Spans were dropped due to exceptions. All subsequent errors will be logged at FINE level.
[35m21-07-14T16:57:24.418[0;39m [31mWARN [0;39m [32mv2/spans}}[0;39m [33m[-][0;39m [36mz.r.AsyncReporter$BoundedAsyncReporter[0;39m - Dropped 4 spans due to NotFound(404 Not Found: [404 Not Found])
org.springframework.web.client.HttpClientErrorException$NotFound: 404 Not Found: [404 Not Found]
	at org.springframework.web.client.HttpClientErrorException.create(HttpClientErrorException.java:113)
	at org.springframework.web.client.DefaultResponseErrorHandler.handleError(DefaultResponseErrorHandler.java:186)
	at org.springframework.web.client.DefaultResponseErrorHandler.handleError(DefaultResponseErrorHandler.java:125)
	at org.springframework.web.client.ResponseErrorHandler.handleError(ResponseErrorHandler.java:63)
	at org.springframework.web.client.RestTemplate.handleResponse(RestTemplate.java:819)
	at org.springframework.web.client.RestTemplate.doExecute(RestTemplate.java:777)
	at org.springframework.cloud.sleuth.zipkin2.ZipkinRestTemplateWrapper.doExecute(ZipkinRestTemplateWrapper.java:69)
	at org.springframework.web.client.RestTemplate.exchange(RestTemplate.java:660)
	at org.springframework.cloud.sleuth.zipkin2.RestTemplateSender.post(RestTemplateSender.java:151)
	at org.springframework.cloud.sleuth.zipkin2.RestTemplateSender$HttpPostCall.doExecute(RestTemplateSender.java:169)
	at org.springframework.cloud.sleuth.zipkin2.RestTemplateSender$HttpPostCall.doExecute(RestTemplateSender.java:159)
	at zipkin2.Call$Base.execute(Call.java:391)
	at zipkin2.reporter.AsyncReporter$BoundedAsyncReporter.flush(AsyncReporter.java:299)
	at zipkin2.reporter.AsyncReporter$Flusher.run(AsyncReporter.java:378)
	at java.base/java.lang.Thread.run(Thread.java:834)
